<?xml version="1.0" encoding="UTF-8"?>
<!-- Generated by org.testng.reporters.JUnitXMLReporter -->
<testsuite ignored="0" hostname="DESKTOP-3NM67P2" failures="0" tests="3" name="Default test" time="103.033" errors="0" timestamp="2021-03-10T21:35:32 IST">
  <testcase classname="com.roger.qa.testcsaes.SignUpPageTest" name="emailuserTest" time="6.253"/>
  <testcase classname="com.roger.qa.testcsaes.SignUpPageTest" name="validatesignuppageTitleTest" time="3.046"/>
  <testcase classname="com.roger.qa.testcsaes.SignUpPageTest" name="click" time="33.363"/>
</testsuite> <!-- Default test -->
