<?xml version="1.0" encoding="UTF-8"?>
<!-- Generated by org.testng.reporters.JUnitXMLReporter -->
<testsuite ignored="0" hostname="DESKTOP-3NM67P2" failures="0" tests="5" name="Default test" time="64.268" errors="0" timestamp="2021-03-09T21:59:11 IST">
  <testcase classname="com.roger.qa.testcsaes.MainURLPageTest" name="validateMainpageTitleTest" time="3.732"/>
  <testcase classname="com.roger.qa.testcsaes.MainURLPageTest" name="validaterogerLogoTest" time="4.067"/>
  <testcase classname="com.roger.qa.testcsaes.MainURLPageTest" name="validaterogerpersonalTest" time="5.253"/>
  <testcase classname="com.roger.qa.testcsaes.MainURLPageTest" name="validaterogerBussinessTest" time="4.039"/>
  <testcase classname="com.roger.qa.testcsaes.MainURLPageTest" name="ClickonSignInTest" time="7.777"/>
</testsuite> <!-- Default test -->
