<?xml version="1.0" encoding="UTF-8"?>
<!-- Generated by org.testng.reporters.JUnitXMLReporter -->
<testsuite ignored="0" hostname="DESKTOP-3NM67P2" failures="0" tests="14" name="AppTest" time="275.103" errors="0" timestamp="2021-03-13T18:28:57 IST">
  <testcase classname="com.roger.qa.testcsaes.MainURLPageTest" name="validateMainpageTitleTest" time="3.877"/>
  <testcase classname="com.roger.qa.testcsaes.MainURLPageTest" name="validaterogerLogoTest" time="4.311"/>
  <testcase classname="com.roger.qa.testcsaes.MainURLPageTest" name="validaterogerpersonalTest" time="3.282"/>
  <testcase classname="com.roger.qa.testcsaes.MainURLPageTest" name="validaterogerBussinessTest" time="3.365"/>
  <testcase classname="com.roger.qa.testcsaes.MainURLPageTest" name="ClickonSignInTest" time="6.281"/>
  <testcase classname="com.roger.qa.testcsaes.SignUpPageTest" name="click" time="34.138"/>
  <testcase classname="com.roger.qa.testcsaes.SignUpPageTest" name="emailuserTest" time="7.148"/>
  <testcase classname="com.roger.qa.testcsaes.SignUpPageTest" name="validatesignuppageTitleTest" time="3.033"/>
  <testcase classname="com.roger.qa.testcsaes.LoginPageTest" name="clickONSignUP" time="1.926"/>
  <testcase classname="com.roger.qa.testcsaes.LoginPageTest" name="loginDataTest" time="7.596"/>
  <testcase classname="com.roger.qa.testcsaes.LoginPageTest" name="loginDataTest" time="7.488"/>
  <testcase classname="com.roger.qa.testcsaes.LoginPageTest" name="loginDataTest" time="6.416"/>
  <testcase classname="com.roger.qa.testcsaes.LoginPageTest" name="loginDataTest" time="6.448"/>
  <testcase classname="com.roger.qa.testcsaes.LoginPageTest" name="validateLoginpageTitle" time="3.214"/>
</testsuite> <!-- AppTest -->
