<?xml version="1.0" encoding="UTF-8"?>
<!-- Generated by org.testng.reporters.JUnitXMLReporter -->
<testsuite ignored="0" hostname="DESKTOP-3NM67P2" failures="0" tests="14" name="Test" time="268.975" errors="0" timestamp="2021-03-13T16:53:55 IST">
  <testcase classname="com.roger.qa.testcsaes.MainURLPageTest" name="validateMainpageTitleTest" time="3.872"/>
  <testcase classname="com.roger.qa.testcsaes.MainURLPageTest" name="validaterogerLogoTest" time="3.332"/>
  <testcase classname="com.roger.qa.testcsaes.MainURLPageTest" name="validaterogerpersonalTest" time="3.125"/>
  <testcase classname="com.roger.qa.testcsaes.MainURLPageTest" name="validaterogerBussinessTest" time="3.228"/>
  <testcase classname="com.roger.qa.testcsaes.MainURLPageTest" name="ClickonSignInTest" time="5.729"/>
  <testcase classname="com.roger.qa.testcsaes.SignUpPageTest" name="click" time="33.228"/>
  <testcase classname="com.roger.qa.testcsaes.SignUpPageTest" name="emailuserTest" time="6.635"/>
  <testcase classname="com.roger.qa.testcsaes.SignUpPageTest" name="validatesignuppageTitleTest" time="3.142"/>
  <testcase classname="com.roger.qa.testcsaes.LoginPageTest" name="clickONSignUP" time="3.779"/>
  <testcase classname="com.roger.qa.testcsaes.LoginPageTest" name="loginDataTest" time="7.361"/>
  <testcase classname="com.roger.qa.testcsaes.LoginPageTest" name="loginDataTest" time="7.396"/>
  <testcase classname="com.roger.qa.testcsaes.LoginPageTest" name="loginDataTest" time="6.316"/>
  <testcase classname="com.roger.qa.testcsaes.LoginPageTest" name="loginDataTest" time="6.373"/>
  <testcase classname="com.roger.qa.testcsaes.LoginPageTest" name="validateLoginpageTitle" time="3.046"/>
</testsuite> <!-- Test -->
