<?xml version="1.0" encoding="UTF-8"?>
<testng-results ignored="0" total="3" passed="3" failed="0" skipped="0">
  <reporter-output>
  </reporter-output>
  <suite started-at="2021-03-10T21:33:49 IST" name="Default suite" finished-at="2021-03-10T21:35:32 IST" duration-ms="103033">
    <groups>
    </groups>
    <test started-at="2021-03-10T21:33:49 IST" name="Default test" finished-at="2021-03-10T21:35:32 IST" duration-ms="103033">
      <class name="com.roger.qa.testcsaes.SignUpPageTest">
        <test-method is-config="true" signature="setUp()[pri:0, instance:com.roger.qa.testcsaes.SignUpPageTest@4466af20]" started-at="2021-03-10T21:33:49 IST" name="setUp" finished-at="2021-03-10T21:34:08 IST" duration-ms="18669" status="PASS">
          <reporter-output>
          </reporter-output>
        </test-method> <!-- setUp -->
        <test-method signature="emailuserTest()[pri:0, instance:com.roger.qa.testcsaes.SignUpPageTest@4466af20]" started-at="2021-03-10T21:34:08 IST" name="emailuserTest" finished-at="2021-03-10T21:34:14 IST" duration-ms="6253" status="PASS">
          <reporter-output>
          </reporter-output>
        </test-method> <!-- emailuserTest -->
        <test-method is-config="true" signature="tearDown()[pri:0, instance:com.roger.qa.testcsaes.SignUpPageTest@4466af20]" started-at="2021-03-10T21:34:14 IST" name="tearDown" finished-at="2021-03-10T21:34:15 IST" duration-ms="600" status="PASS">
          <reporter-output>
          </reporter-output>
        </test-method> <!-- tearDown -->
        <test-method is-config="true" signature="setUp()[pri:0, instance:com.roger.qa.testcsaes.SignUpPageTest@4466af20]" started-at="2021-03-10T21:34:15 IST" name="setUp" finished-at="2021-03-10T21:34:35 IST" duration-ms="19987" status="PASS">
          <reporter-output>
          </reporter-output>
        </test-method> <!-- setUp -->
        <test-method signature="validatesignuppageTitleTest()[pri:0, instance:com.roger.qa.testcsaes.SignUpPageTest@4466af20]" started-at="2021-03-10T21:34:35 IST" name="validatesignuppageTitleTest" finished-at="2021-03-10T21:34:38 IST" duration-ms="3046" status="PASS">
          <reporter-output>
          </reporter-output>
        </test-method> <!-- validatesignuppageTitleTest -->
        <test-method is-config="true" signature="tearDown()[pri:0, instance:com.roger.qa.testcsaes.SignUpPageTest@4466af20]" started-at="2021-03-10T21:34:38 IST" name="tearDown" finished-at="2021-03-10T21:34:38 IST" duration-ms="436" status="PASS">
          <reporter-output>
          </reporter-output>
        </test-method> <!-- tearDown -->
        <test-method is-config="true" signature="setUp()[pri:0, instance:com.roger.qa.testcsaes.SignUpPageTest@4466af20]" started-at="2021-03-10T21:34:38 IST" name="setUp" finished-at="2021-03-10T21:34:57 IST" duration-ms="18846" status="PASS">
          <reporter-output>
          </reporter-output>
        </test-method> <!-- setUp -->
        <test-method signature="click()[pri:0, instance:com.roger.qa.testcsaes.SignUpPageTest@4466af20]" started-at="2021-03-10T21:34:57 IST" name="click" finished-at="2021-03-10T21:35:30 IST" depends-on-methods="com.roger.qa.testcsaes.SignUpPageTest.emailuserTest" duration-ms="33363" status="PASS">
          <reporter-output>
          </reporter-output>
        </test-method> <!-- click -->
        <test-method is-config="true" signature="tearDown()[pri:0, instance:com.roger.qa.testcsaes.SignUpPageTest@4466af20]" started-at="2021-03-10T21:35:30 IST" name="tearDown" finished-at="2021-03-10T21:35:32 IST" duration-ms="1738" status="PASS">
          <reporter-output>
          </reporter-output>
        </test-method> <!-- tearDown -->
      </class> <!-- com.roger.qa.testcsaes.SignUpPageTest -->
    </test> <!-- Default test -->
  </suite> <!-- Default suite -->
</testng-results>
